<?xml version="1.0" encoding="UTF-8"?>
<!-- Generated by org.testng.reporters.JUnitXMLReporter -->
<testsuite hostname="IBM286-PBD1Z5V" ignored="4" name="Material_RequestId_Generation" tests="1" failures="1" timestamp="22 Jan 2019 00:31:27 GMT" time="1.326" errors="0">
  <testcase name="Material_RequestId_Generation" time="1.322" classname="com.mendix.test.MaterialChangeScript">
    <failure type="org.openqa.selenium.NoSuchElementException" message="Unable to find element with xpath == .//*[@class=&amp;apos;glyphicon glyphicon-flash&amp;apos;]
For documentation on this error, please visit: http://seleniumhq.org/exceptions/no_such_element.html
Build info: version: &amp;apos;3.14.0&amp;apos;, revision: &amp;apos;aacccce0&amp;apos;, time: &amp;apos;2018-08-02T20:13:22.693Z&amp;apos;
System info: host: &amp;apos;IBM286-PBD1Z5V&amp;apos;, ip: &amp;apos;9.79.141.147&amp;apos;, os.name: &amp;apos;Windows 7&amp;apos;, os.arch: &amp;apos;amd64&amp;apos;, os.version: &amp;apos;6.1&amp;apos;, java.version: &amp;apos;1.8.0_191&amp;apos;
Driver info: org.openqa.selenium.ie.InternetExplorerDriver
Capabilities {acceptInsecureCerts: false, browserName: internet explorer, browserVersion: 11, javascriptEnabled: true, pageLoadStrategy: normal, platform: WINDOWS, platformName: WINDOWS, proxy: Proxy(), se:ieOptions: {browserAttachTimeout: 0, elementScrollBehavior: 0, enablePersistentHover: true, ie.browserCommandLineSwitches: , ie.ensureCleanSession: false, ie.fileUploadDialogTimeout: 3000, ie.forceCreateProcessApi: false, ignoreProtectedModeSettings: false, ignoreZoomSetting: false, initialBrowserUrl: http://localhost:7952/, nativeEvents: true, requireWindowFocus: false}, setWindowRect: true, timeouts: {implicit: 0, pageLoad: 300000, script: 30000}}
Session ID: 67e847f5-e7b9-4502-8d29-7ac59ba3c598
*** Element info: {Using=xpath, value=.//*[@class=&amp;apos;glyphicon glyphicon-flash&amp;apos;]}">
      <![CDATA[org.openqa.selenium.NoSuchElementException: Unable to find element with xpath == .//*[@class='glyphicon glyphicon-flash']
For documentation on this error, please visit: http://seleniumhq.org/exceptions/no_such_element.html
Build info: version: '3.14.0', revision: 'aacccce0', time: '2018-08-02T20:13:22.693Z'
System info: host: 'IBM286-PBD1Z5V', ip: '9.79.141.147', os.name: 'Windows 7', os.arch: 'amd64', os.version: '6.1', java.version: '1.8.0_191'
Driver info: org.openqa.selenium.ie.InternetExplorerDriver
Capabilities {acceptInsecureCerts: false, browserName: internet explorer, browserVersion: 11, javascriptEnabled: true, pageLoadStrategy: normal, platform: WINDOWS, platformName: WINDOWS, proxy: Proxy(), se:ieOptions: {browserAttachTimeout: 0, elementScrollBehavior: 0, enablePersistentHover: true, ie.browserCommandLineSwitches: , ie.ensureCleanSession: false, ie.fileUploadDialogTimeout: 3000, ie.forceCreateProcessApi: false, ignoreProtectedModeSettings: false, ignoreZoomSetting: false, initialBrowserUrl: http://localhost:7952/, nativeEvents: true, requireWindowFocus: false}, setWindowRect: true, timeouts: {implicit: 0, pageLoad: 300000, script: 30000}}
Session ID: 67e847f5-e7b9-4502-8d29-7ac59ba3c598
*** Element info: {Using=xpath, value=.//*[@class='glyphicon glyphicon-flash']}
at org.openqa.selenium.remote.http.W3CHttpResponseCodec.createException(W3CHttpResponseCodec.java:187)
at org.openqa.selenium.remote.http.W3CHttpResponseCodec.decode(W3CHttpResponseCodec.java:122)
at org.openqa.selenium.remote.http.W3CHttpResponseCodec.decode(W3CHttpResponseCodec.java:49)
at org.openqa.selenium.remote.HttpCommandExecutor.execute(HttpCommandExecutor.java:158)
at org.openqa.selenium.remote.service.DriverCommandExecutor.execute(DriverCommandExecutor.java:83)
at org.openqa.selenium.remote.RemoteWebDriver.execute(RemoteWebDriver.java:548)
at org.openqa.selenium.remote.RemoteWebDriver.findElement(RemoteWebDriver.java:322)
at org.openqa.selenium.remote.RemoteWebDriver.findElementByXPath(RemoteWebDriver.java:424)
at org.openqa.selenium.By$ByXPath.findElement(By.java:353)
at org.openqa.selenium.remote.RemoteWebDriver.findElement(RemoteWebDriver.java:314)
at com.mendix.page.MaterialPage.clickLocalAction(MaterialPage.java:422)
at com.mendix.test.MaterialChangeScript.Material_RequestId_Generation(MaterialChangeScript.java:49)
... Removed 28 stack frames]]>
    </failure>
  </testcase> <!-- Material_RequestId_Generation -->
  <testcase name="Material_Create_Reference_Syndication_Check" time="0.0" classname="com.mendix.test.MaterialChangeScript">
    <ignored/>
  </testcase> <!-- Material_Create_Reference_Syndication_Check -->
  <testcase name="Material_Create_Fill_In_Data_Reference" time="0.0" classname="com.mendix.test.MaterialChangeScript">
    <ignored/>
  </testcase> <!-- Material_Create_Fill_In_Data_Reference -->
  <testcase name="Material_Create_Fill_In_Data_Change" time="0.0" classname="com.mendix.test.MaterialChangeScript">
    <ignored/>
  </testcase> <!-- Material_Create_Fill_In_Data_Change -->
  <testcase name="Material_Change_Syndication_Check" time="0.0" classname="com.mendix.test.MaterialChangeScript">
    <ignored/>
  </testcase> <!-- Material_Change_Syndication_Check -->
</testsuite> <!-- Material_RequestId_Generation -->
