<?xml version="1.0" encoding="UTF-8"?>
<testng-results skipped="0" failed="3" ignored="60" total="74" passed="11">
  <reporter-output>
  </reporter-output>
  <suite name="Change Material" duration-ms="340721" started-at="2019-01-22T00:28:04Z" finished-at="2019-01-22T00:33:44Z">
    <groups>
    </groups>
    <test name="HeiPort_Login_LDR" duration-ms="9117" started-at="2019-01-22T00:28:04Z" finished-at="2019-01-22T00:28:13Z">
      <class name="com.mendix.test.LoginScript">
        <test-method status="PASS" signature="tasKill()[pri:0, instance:com.mendix.test.LoginScript@536aaa8d]" name="tasKill" duration-ms="44" started-at="2019-01-22T00:28:04Z" finished-at="2019-01-22T00:28:04Z">
          <reporter-output>
          </reporter-output>
        </test-method> <!-- tasKill -->
        <test-method status="PASS" signature="openBrowser()[pri:0, instance:com.mendix.test.LoginScript@536aaa8d]" name="openBrowser" duration-ms="3780" started-at="2019-01-22T00:28:04Z" finished-at="2019-01-22T00:28:07Z">
          <reporter-output>
          </reporter-output>
        </test-method> <!-- openBrowser -->
        <test-method status="PASS" signature="loginAsLDR()[pri:0, instance:com.mendix.test.LoginScript@536aaa8d]" name="loginAsLDR" duration-ms="5278" started-at="2019-01-22T00:28:07Z" finished-at="2019-01-22T00:28:13Z">
          <reporter-output>
          </reporter-output>
        </test-method> <!-- loginAsLDR -->
      </class> <!-- com.mendix.test.LoginScript -->
    </test> <!-- HeiPort_Login_LDR -->
    <test name="Material_Change_Check" duration-ms="63835" started-at="2019-01-22T00:28:13Z" finished-at="2019-01-22T00:29:17Z">
      <class name="com.mendix.test.MaterialChangeScript">
        <test-method status="PASS" signature="Material_Create_Reference_Syndication_Check(java.util.Map)[pri:0, instance:com.mendix.test.MaterialChangeScript@7e2d773b]" name="Material_Create_Reference_Syndication_Check" duration-ms="63355" started-at="2019-01-22T00:28:13Z" data-provider="Process_Information_Check" finished-at="2019-01-22T00:29:17Z">
          <params>
            <param index="0">
              <value>
                <![CDATA[{Iteration=1, Execute=Y, TestCase=CreateMaterial, RequestId=1393517, GlobalId=401708, MaterialNumber_AH1=, MaterialNumber_PE2=, Status=}]]>
              </value>
            </param>
          </params>
          <reporter-output>
          </reporter-output>
        </test-method> <!-- Material_Create_Reference_Syndication_Check -->
      </class> <!-- com.mendix.test.MaterialChangeScript -->
    </test> <!-- Material_Change_Check -->
    <test name="Material_Change_Fill_In_Data" duration-ms="129400" started-at="2019-01-22T00:29:17Z" finished-at="2019-01-22T00:31:26Z">
      <class name="com.mendix.test.MaterialChangeScript">
        <test-method status="FAIL" signature="Material_Create_Fill_In_Data_Reference(java.util.Map)[pri:0, instance:com.mendix.test.MaterialChangeScript@2353b3e6]" name="Material_Create_Fill_In_Data_Reference" duration-ms="129306" started-at="2019-01-22T00:29:17Z" data-provider="CreateMaterial_Fill_In" finished-at="2019-01-22T00:31:26Z">
          <params>
            <param index="0">
              <value>
                <![CDATA[{GLOBAL FIELDS=BE001OC, Execute=Y, Fields=EN, Material Description:=Lens Non Illuminated 82mm MAES 2016, Language=NL, Description=Lens Niet Verlicht 82mm MAES 2016, Goods and Services Typology=13, Material Group=CMG0472, General Item Cat Group=YW07, X-plant matl Status Valid From=24/03/2017, Gross Weight Base UoM=200.000, Unit of Weight=G, EAN/UPC=, Material Type=YUNB, X-plant matl Status=Z3, Base UoM=PC, Net Weight Base UoM=200.000, EAN Category=, =, Alternative UoMs: 1=, Denominator =,                                              Alt UoM=,                                             Numerator=,                  Lower Level Unit Of Measure=,                           Calculated Net Weight=,                                           Gross weight=,                                   Unit of Weight=,                                           EAN/UPC=,                                         EAN Category=,                     Determine EAN Check Digit=,                              Additional EANS exist=, Alternative UoMs: 2=, Alternative UoMs: 3=, Alternative UoMs: 4=, Alternative UoMs: 5=, Alternative UoMs: 6=, Alternative UoMs: 7=, Add EAN Units: 1=,                      Alternative unit of measure=,                                                Main EAN=,                                               EAN/UPC=,                                            EAN Category=,                      Determine EAN check digit=, Add EAN Units: 2=, Add EAN Units: 3=, Warehouseing, Purchasing and Sales:=, Storage Conditions=, Order Unit=, Purchasing Value Key=, Variable OUN=, Transportation Group=, JDE:=, Stocking Type Global=, Bulk/Packed Flag=, Sales Price Level=, Commitment Method=, UoM - Primary=, UoM - Secondary=, UoM - Pricing=, UoM - Production=, Round To Whole Number=, Line Type=, Inventory Cost Level=, Purchase Price Level=, Standard UoM=, UoM - Purchasing=, UoM - Shipping=, UoM - Component=, Navision:=, Type=, Inventory Value Zero=, Price Profit Calculation=, Product Group Code=, Attachment:=, Document Name=, Process Information:=, All Comments=}]]>
              </value>
            </param>
          </params>
          <exception class="org.openqa.selenium.NoSuchElementException">
            <message>
              <![CDATA[Unable to find element with xpath == //*[text()='KG']
For documentation on this error, please visit: http://seleniumhq.org/exceptions/no_such_element.html
Build info: version: '3.14.0', revision: 'aacccce0', time: '2018-08-02T20:13:22.693Z'
System info: host: 'IBM286-PBD1Z5V', ip: '9.79.141.147', os.name: 'Windows 7', os.arch: 'amd64', os.version: '6.1', java.version: '1.8.0_191'
Driver info: org.openqa.selenium.ie.InternetExplorerDriver
Capabilities {acceptInsecureCerts: false, browserName: internet explorer, browserVersion: 11, javascriptEnabled: true, pageLoadStrategy: normal, platform: WINDOWS, platformName: WINDOWS, proxy: Proxy(), se:ieOptions: {browserAttachTimeout: 0, elementScrollBehavior: 0, enablePersistentHover: true, ie.browserCommandLineSwitches: , ie.ensureCleanSession: false, ie.fileUploadDialogTimeout: 3000, ie.forceCreateProcessApi: false, ignoreProtectedModeSettings: false, ignoreZoomSetting: false, initialBrowserUrl: http://localhost:7952/, nativeEvents: true, requireWindowFocus: false}, setWindowRect: true, timeouts: {implicit: 0, pageLoad: 300000, script: 30000}}
Session ID: 67e847f5-e7b9-4502-8d29-7ac59ba3c598
*** Element info: {Using=xpath, value=//*[text()='KG']}]]>
            </message>
            <full-stacktrace>
              <![CDATA[org.openqa.selenium.NoSuchElementException: Unable to find element with xpath == //*[text()='KG']
For documentation on this error, please visit: http://seleniumhq.org/exceptions/no_such_element.html
Build info: version: '3.14.0', revision: 'aacccce0', time: '2018-08-02T20:13:22.693Z'
System info: host: 'IBM286-PBD1Z5V', ip: '9.79.141.147', os.name: 'Windows 7', os.arch: 'amd64', os.version: '6.1', java.version: '1.8.0_191'
Driver info: org.openqa.selenium.ie.InternetExplorerDriver
Capabilities {acceptInsecureCerts: false, browserName: internet explorer, browserVersion: 11, javascriptEnabled: true, pageLoadStrategy: normal, platform: WINDOWS, platformName: WINDOWS, proxy: Proxy(), se:ieOptions: {browserAttachTimeout: 0, elementScrollBehavior: 0, enablePersistentHover: true, ie.browserCommandLineSwitches: , ie.ensureCleanSession: false, ie.fileUploadDialogTimeout: 3000, ie.forceCreateProcessApi: false, ignoreProtectedModeSettings: false, ignoreZoomSetting: false, initialBrowserUrl: http://localhost:7952/, nativeEvents: true, requireWindowFocus: false}, setWindowRect: true, timeouts: {implicit: 0, pageLoad: 300000, script: 30000}}
Session ID: 67e847f5-e7b9-4502-8d29-7ac59ba3c598
*** Element info: {Using=xpath, value=//*[text()='KG']}
at sun.reflect.GeneratedConstructorAccessor25.newInstance(Unknown Source)
at sun.reflect.DelegatingConstructorAccessorImpl.newInstance(Unknown Source)
at java.lang.reflect.Constructor.newInstance(Unknown Source)
at org.openqa.selenium.remote.http.W3CHttpResponseCodec.createException(W3CHttpResponseCodec.java:187)
at org.openqa.selenium.remote.http.W3CHttpResponseCodec.decode(W3CHttpResponseCodec.java:122)
at org.openqa.selenium.remote.http.W3CHttpResponseCodec.decode(W3CHttpResponseCodec.java:49)
at org.openqa.selenium.remote.HttpCommandExecutor.execute(HttpCommandExecutor.java:158)
at org.openqa.selenium.remote.service.DriverCommandExecutor.execute(DriverCommandExecutor.java:83)
at org.openqa.selenium.remote.RemoteWebDriver.execute(RemoteWebDriver.java:548)
at org.openqa.selenium.remote.RemoteWebDriver.findElement(RemoteWebDriver.java:322)
at org.openqa.selenium.remote.RemoteWebDriver.findElementByXPath(RemoteWebDriver.java:424)
at org.openqa.selenium.By$ByXPath.findElement(By.java:353)
at org.openqa.selenium.remote.RemoteWebDriver.findElement(RemoteWebDriver.java:314)
at com.mendix.page.MaterialPage.unitOfWeightSelectionTest(MaterialPage.java:320)
at com.mendix.test.MaterialChangeScript.Material_Create_Fill_In_Data_Reference(MaterialChangeScript.java:80)
at sun.reflect.NativeMethodAccessorImpl.invoke0(Native Method)
at sun.reflect.NativeMethodAccessorImpl.invoke(Unknown Source)
at sun.reflect.DelegatingMethodAccessorImpl.invoke(Unknown Source)
at java.lang.reflect.Method.invoke(Unknown Source)
at org.testng.internal.MethodInvocationHelper.invokeMethod(MethodInvocationHelper.java:124)
at org.testng.internal.Invoker.invokeMethod(Invoker.java:580)
at org.testng.internal.Invoker.invokeTestMethod(Invoker.java:716)
at org.testng.internal.Invoker.invokeTestMethods(Invoker.java:988)
at org.testng.internal.TestMethodWorker.invokeTestMethods(TestMethodWorker.java:125)
at org.testng.internal.TestMethodWorker.run(TestMethodWorker.java:109)
at org.testng.TestRunner.privateRun(TestRunner.java:648)
at org.testng.TestRunner.run(TestRunner.java:505)
at org.testng.SuiteRunner.runTest(SuiteRunner.java:455)
at org.testng.SuiteRunner.runSequentially(SuiteRunner.java:450)
at org.testng.SuiteRunner.privateRun(SuiteRunner.java:415)
at org.testng.SuiteRunner.run(SuiteRunner.java:364)
at org.testng.SuiteRunnerWorker.runSuite(SuiteRunnerWorker.java:52)
at org.testng.SuiteRunnerWorker.run(SuiteRunnerWorker.java:84)
at org.testng.TestNG.runSuitesSequentially(TestNG.java:1208)
at org.testng.TestNG.runSuitesLocally(TestNG.java:1137)
at org.testng.TestNG.runSuites(TestNG.java:1049)
at org.testng.TestNG.run(TestNG.java:1017)
at org.testng.remote.AbstractRemoteTestNG.run(AbstractRemoteTestNG.java:114)
at org.testng.remote.RemoteTestNG.initAndRun(RemoteTestNG.java:251)
at org.testng.remote.RemoteTestNG.main(RemoteTestNG.java:77)
]]>
            </full-stacktrace>
          </exception> <!-- org.openqa.selenium.NoSuchElementException -->
          <reporter-output>
          </reporter-output>
        </test-method> <!-- Material_Create_Fill_In_Data_Reference -->
      </class> <!-- com.mendix.test.MaterialChangeScript -->
    </test> <!-- Material_Change_Fill_In_Data -->
    <test name="Material_RequestId_Generation" duration-ms="1326" started-at="2019-01-22T00:31:26Z" finished-at="2019-01-22T00:31:27Z">
      <class name="com.mendix.test.MaterialChangeScript">
        <test-method status="FAIL" signature="Material_RequestId_Generation()[pri:0, instance:com.mendix.test.MaterialChangeScript@fad74ee]" name="Material_RequestId_Generation" duration-ms="1322" started-at="2019-01-22T00:31:26Z" finished-at="2019-01-22T00:31:27Z">
          <exception class="org.openqa.selenium.NoSuchElementException">
            <message>
              <![CDATA[Unable to find element with xpath == .//*[@class='glyphicon glyphicon-flash']
For documentation on this error, please visit: http://seleniumhq.org/exceptions/no_such_element.html
Build info: version: '3.14.0', revision: 'aacccce0', time: '2018-08-02T20:13:22.693Z'
System info: host: 'IBM286-PBD1Z5V', ip: '9.79.141.147', os.name: 'Windows 7', os.arch: 'amd64', os.version: '6.1', java.version: '1.8.0_191'
Driver info: org.openqa.selenium.ie.InternetExplorerDriver
Capabilities {acceptInsecureCerts: false, browserName: internet explorer, browserVersion: 11, javascriptEnabled: true, pageLoadStrategy: normal, platform: WINDOWS, platformName: WINDOWS, proxy: Proxy(), se:ieOptions: {browserAttachTimeout: 0, elementScrollBehavior: 0, enablePersistentHover: true, ie.browserCommandLineSwitches: , ie.ensureCleanSession: false, ie.fileUploadDialogTimeout: 3000, ie.forceCreateProcessApi: false, ignoreProtectedModeSettings: false, ignoreZoomSetting: false, initialBrowserUrl: http://localhost:7952/, nativeEvents: true, requireWindowFocus: false}, setWindowRect: true, timeouts: {implicit: 0, pageLoad: 300000, script: 30000}}
Session ID: 67e847f5-e7b9-4502-8d29-7ac59ba3c598
*** Element info: {Using=xpath, value=.//*[@class='glyphicon glyphicon-flash']}]]>
            </message>
            <full-stacktrace>
              <![CDATA[org.openqa.selenium.NoSuchElementException: Unable to find element with xpath == .//*[@class='glyphicon glyphicon-flash']
For documentation on this error, please visit: http://seleniumhq.org/exceptions/no_such_element.html
Build info: version: '3.14.0', revision: 'aacccce0', time: '2018-08-02T20:13:22.693Z'
System info: host: 'IBM286-PBD1Z5V', ip: '9.79.141.147', os.name: 'Windows 7', os.arch: 'amd64', os.version: '6.1', java.version: '1.8.0_191'
Driver info: org.openqa.selenium.ie.InternetExplorerDriver
Capabilities {acceptInsecureCerts: false, browserName: internet explorer, browserVersion: 11, javascriptEnabled: true, pageLoadStrategy: normal, platform: WINDOWS, platformName: WINDOWS, proxy: Proxy(), se:ieOptions: {browserAttachTimeout: 0, elementScrollBehavior: 0, enablePersistentHover: true, ie.browserCommandLineSwitches: , ie.ensureCleanSession: false, ie.fileUploadDialogTimeout: 3000, ie.forceCreateProcessApi: false, ignoreProtectedModeSettings: false, ignoreZoomSetting: false, initialBrowserUrl: http://localhost:7952/, nativeEvents: true, requireWindowFocus: false}, setWindowRect: true, timeouts: {implicit: 0, pageLoad: 300000, script: 30000}}
Session ID: 67e847f5-e7b9-4502-8d29-7ac59ba3c598
*** Element info: {Using=xpath, value=.//*[@class='glyphicon glyphicon-flash']}
at sun.reflect.GeneratedConstructorAccessor25.newInstance(Unknown Source)
at sun.reflect.DelegatingConstructorAccessorImpl.newInstance(Unknown Source)
at java.lang.reflect.Constructor.newInstance(Unknown Source)
at org.openqa.selenium.remote.http.W3CHttpResponseCodec.createException(W3CHttpResponseCodec.java:187)
at org.openqa.selenium.remote.http.W3CHttpResponseCodec.decode(W3CHttpResponseCodec.java:122)
at org.openqa.selenium.remote.http.W3CHttpResponseCodec.decode(W3CHttpResponseCodec.java:49)
at org.openqa.selenium.remote.HttpCommandExecutor.execute(HttpCommandExecutor.java:158)
at org.openqa.selenium.remote.service.DriverCommandExecutor.execute(DriverCommandExecutor.java:83)
at org.openqa.selenium.remote.RemoteWebDriver.execute(RemoteWebDriver.java:548)
at org.openqa.selenium.remote.RemoteWebDriver.findElement(RemoteWebDriver.java:322)
at org.openqa.selenium.remote.RemoteWebDriver.findElementByXPath(RemoteWebDriver.java:424)
at org.openqa.selenium.By$ByXPath.findElement(By.java:353)
at org.openqa.selenium.remote.RemoteWebDriver.findElement(RemoteWebDriver.java:314)
at com.mendix.page.MaterialPage.clickLocalAction(MaterialPage.java:422)
at com.mendix.test.MaterialChangeScript.Material_RequestId_Generation(MaterialChangeScript.java:49)
at sun.reflect.NativeMethodAccessorImpl.invoke0(Native Method)
at sun.reflect.NativeMethodAccessorImpl.invoke(Unknown Source)
at sun.reflect.DelegatingMethodAccessorImpl.invoke(Unknown Source)
at java.lang.reflect.Method.invoke(Unknown Source)
at org.testng.internal.MethodInvocationHelper.invokeMethod(MethodInvocationHelper.java:124)
at org.testng.internal.Invoker.invokeMethod(Invoker.java:580)
at org.testng.internal.Invoker.invokeTestMethod(Invoker.java:716)
at org.testng.internal.Invoker.invokeTestMethods(Invoker.java:988)
at org.testng.internal.TestMethodWorker.invokeTestMethods(TestMethodWorker.java:125)
at org.testng.internal.TestMethodWorker.run(TestMethodWorker.java:109)
at org.testng.TestRunner.privateRun(TestRunner.java:648)
at org.testng.TestRunner.run(TestRunner.java:505)
at org.testng.SuiteRunner.runTest(SuiteRunner.java:455)
at org.testng.SuiteRunner.runSequentially(SuiteRunner.java:450)
at org.testng.SuiteRunner.privateRun(SuiteRunner.java:415)
at org.testng.SuiteRunner.run(SuiteRunner.java:364)
at org.testng.SuiteRunnerWorker.runSuite(SuiteRunnerWorker.java:52)
at org.testng.SuiteRunnerWorker.run(SuiteRunnerWorker.java:84)
at org.testng.TestNG.runSuitesSequentially(TestNG.java:1208)
at org.testng.TestNG.runSuitesLocally(TestNG.java:1137)
at org.testng.TestNG.runSuites(TestNG.java:1049)
at org.testng.TestNG.run(TestNG.java:1017)
at org.testng.remote.AbstractRemoteTestNG.run(AbstractRemoteTestNG.java:114)
at org.testng.remote.RemoteTestNG.initAndRun(RemoteTestNG.java:251)
at org.testng.remote.RemoteTestNG.main(RemoteTestNG.java:77)
]]>
            </full-stacktrace>
          </exception> <!-- org.openqa.selenium.NoSuchElementException -->
          <reporter-output>
          </reporter-output>
        </test-method> <!-- Material_RequestId_Generation -->
      </class> <!-- com.mendix.test.MaterialChangeScript -->
    </test> <!-- Material_RequestId_Generation -->
    <test name="Process_Information_Check" duration-ms="32862" started-at="2019-01-22T00:31:27Z" finished-at="2019-01-22T00:32:00Z">
      <class name="com.mendix.test.MaterialScript">
        <test-method status="PASS" signature="Process_Information_Check(java.util.Map)[pri:0, instance:com.mendix.test.MaterialScript@9a7504c]" name="Process_Information_Check" duration-ms="32824" started-at="2019-01-22T00:31:27Z" data-provider="Process_Information_Check" finished-at="2019-01-22T00:32:00Z">
          <params>
            <param index="0">
              <value>
                <![CDATA[{Iteration=1, Execute=Y, TestCase=CreateMaterial, RequestId=1393517, GlobalId=401708, MaterialNumber_AH1=, MaterialNumber_PE2=, Status=}]]>
              </value>
            </param>
          </params>
          <reporter-output>
          </reporter-output>
        </test-method> <!-- Process_Information_Check -->
      </class> <!-- com.mendix.test.MaterialScript -->
    </test> <!-- Process_Information_Check -->
    <test name="HeiPort_Login_GDA" duration-ms="7869" started-at="2019-01-22T00:32:00Z" finished-at="2019-01-22T00:32:08Z">
      <class name="com.mendix.test.LoginScript">
        <test-method status="PASS" signature="openBrowser()[pri:0, instance:com.mendix.test.LoginScript@38bc8ab5]" name="openBrowser" duration-ms="2760" started-at="2019-01-22T00:32:00Z" finished-at="2019-01-22T00:32:03Z">
          <reporter-output>
          </reporter-output>
        </test-method> <!-- openBrowser -->
        <test-method status="PASS" signature="loginAsGDA()[pri:0, instance:com.mendix.test.LoginScript@38bc8ab5]" name="loginAsGDA" duration-ms="5106" started-at="2019-01-22T00:32:03Z" finished-at="2019-01-22T00:32:08Z">
          <reporter-output>
          </reporter-output>
        </test-method> <!-- loginAsGDA -->
      </class> <!-- com.mendix.test.LoginScript -->
    </test> <!-- HeiPort_Login_GDA -->
    <test name="Material_Change_Review_Global_Data_Approve_GDA" duration-ms="38985" started-at="2019-01-22T00:32:08Z" finished-at="2019-01-22T00:32:47Z">
      <class name="com.mendix.test.MaterialScript">
        <test-method status="PASS" signature="Material_Create_Review_Global_Data_Approve_GDA(java.util.Map)[pri:0, instance:com.mendix.test.MaterialScript@1500955a]" name="Material_Create_Review_Global_Data_Approve_GDA" duration-ms="38961" started-at="2019-01-22T00:32:08Z" data-provider="Process_Information_Check" finished-at="2019-01-22T00:32:47Z">
          <params>
            <param index="0">
              <value>
                <![CDATA[{Iteration=1, Execute=Y, TestCase=CreateMaterial, RequestId=1393517, GlobalId=401708, MaterialNumber_AH1=, MaterialNumber_PE2=, Status=}]]>
              </value>
            </param>
          </params>
          <reporter-output>
          </reporter-output>
        </test-method> <!-- Material_Create_Review_Global_Data_Approve_GDA -->
      </class> <!-- com.mendix.test.MaterialScript -->
    </test> <!-- Material_Change_Review_Global_Data_Approve_GDA -->
    <test name="Process_Information_Check_Syndication" duration-ms="3053" started-at="2019-01-22T00:32:47Z" finished-at="2019-01-22T00:32:50Z">
      <class name="com.mendix.test.MaterialScript">
        <test-method status="FAIL" signature="Process_Information_Check(java.util.Map)[pri:0, instance:com.mendix.test.MaterialScript@6043cd28]" name="Process_Information_Check" duration-ms="3015" started-at="2019-01-22T00:32:47Z" data-provider="Process_Information_Check" finished-at="2019-01-22T00:32:50Z">
          <params>
            <param index="0">
              <value>
                <![CDATA[{Iteration=1, Execute=Y, TestCase=CreateMaterial, RequestId=1393517, GlobalId=401708, MaterialNumber_AH1=, MaterialNumber_PE2=, Status=}]]>
              </value>
            </param>
          </params>
          <exception class="org.openqa.selenium.NoSuchSessionException">
            <message>
              <![CDATA[Session ID is null. Using WebDriver after calling quit()?
Build info: version: '3.14.0', revision: 'aacccce0', time: '2018-08-02T20:13:22.693Z'
System info: host: 'IBM286-PBD1Z5V', ip: '9.79.141.147', os.name: 'Windows 7', os.arch: 'amd64', os.version: '6.1', java.version: '1.8.0_191'
Driver info: driver.version: RemoteWebDriver]]>
            </message>
            <full-stacktrace>
              <![CDATA[org.openqa.selenium.NoSuchSessionException: Session ID is null. Using WebDriver after calling quit()?
Build info: version: '3.14.0', revision: 'aacccce0', time: '2018-08-02T20:13:22.693Z'
System info: host: 'IBM286-PBD1Z5V', ip: '9.79.141.147', os.name: 'Windows 7', os.arch: 'amd64', os.version: '6.1', java.version: '1.8.0_191'
Driver info: driver.version: RemoteWebDriver
at org.openqa.selenium.remote.HttpCommandExecutor.execute(HttpCommandExecutor.java:125)
at org.openqa.selenium.remote.service.DriverCommandExecutor.execute(DriverCommandExecutor.java:83)
at org.openqa.selenium.remote.RemoteWebDriver.execute(RemoteWebDriver.java:548)
at org.openqa.selenium.remote.RemoteWebDriver.findElement(RemoteWebDriver.java:322)
at org.openqa.selenium.remote.RemoteWebDriver.findElementByCssSelector(RemoteWebDriver.java:416)
at org.openqa.selenium.By$ByCssSelector.findElement(By.java:431)
at org.openqa.selenium.remote.RemoteWebDriver.findElement(RemoteWebDriver.java:314)
at com.mendix.page.ProceesInfoPage$1.apply(ProceesInfoPage.java:85)
at com.mendix.page.ProceesInfoPage$1.apply(ProceesInfoPage.java:1)
at org.openqa.selenium.support.ui.FluentWait.until(FluentWait.java:260)
at com.mendix.page.ProceesInfoPage.reqIdSearch_Global(ProceesInfoPage.java:94)
at com.mendix.test.MaterialScript.Process_Information_Check(MaterialScript.java:57)
at sun.reflect.NativeMethodAccessorImpl.invoke0(Native Method)
at sun.reflect.NativeMethodAccessorImpl.invoke(Unknown Source)
at sun.reflect.DelegatingMethodAccessorImpl.invoke(Unknown Source)
at java.lang.reflect.Method.invoke(Unknown Source)
at org.testng.internal.MethodInvocationHelper.invokeMethod(MethodInvocationHelper.java:124)
at org.testng.internal.Invoker.invokeMethod(Invoker.java:580)
at org.testng.internal.Invoker.invokeTestMethod(Invoker.java:716)
at org.testng.internal.Invoker.invokeTestMethods(Invoker.java:988)
at org.testng.internal.TestMethodWorker.invokeTestMethods(TestMethodWorker.java:125)
at org.testng.internal.TestMethodWorker.run(TestMethodWorker.java:109)
at org.testng.TestRunner.privateRun(TestRunner.java:648)
at org.testng.TestRunner.run(TestRunner.java:505)
at org.testng.SuiteRunner.runTest(SuiteRunner.java:455)
at org.testng.SuiteRunner.runSequentially(SuiteRunner.java:450)
at org.testng.SuiteRunner.privateRun(SuiteRunner.java:415)
at org.testng.SuiteRunner.run(SuiteRunner.java:364)
at org.testng.SuiteRunnerWorker.runSuite(SuiteRunnerWorker.java:52)
at org.testng.SuiteRunnerWorker.run(SuiteRunnerWorker.java:84)
at org.testng.TestNG.runSuitesSequentially(TestNG.java:1208)
at org.testng.TestNG.runSuitesLocally(TestNG.java:1137)
at org.testng.TestNG.runSuites(TestNG.java:1049)
at org.testng.TestNG.run(TestNG.java:1017)
at org.testng.remote.AbstractRemoteTestNG.run(AbstractRemoteTestNG.java:114)
at org.testng.remote.RemoteTestNG.initAndRun(RemoteTestNG.java:251)
at org.testng.remote.RemoteTestNG.main(RemoteTestNG.java:77)
]]>
            </full-stacktrace>
          </exception> <!-- org.openqa.selenium.NoSuchSessionException -->
          <reporter-output>
          </reporter-output>
        </test-method> <!-- Process_Information_Check -->
      </class> <!-- com.mendix.test.MaterialScript -->
    </test> <!-- Process_Information_Check_Syndication -->
    <test name="HeiPort_Login_LDR_Syndication" duration-ms="7940" started-at="2019-01-22T00:32:50Z" finished-at="2019-01-22T00:32:58Z">
      <class name="com.mendix.test.LoginScript">
        <test-method status="PASS" signature="openBrowser()[pri:0, instance:com.mendix.test.LoginScript@5f3a4b84]" name="openBrowser" duration-ms="2649" started-at="2019-01-22T00:32:50Z" finished-at="2019-01-22T00:32:53Z">
          <reporter-output>
          </reporter-output>
        </test-method> <!-- openBrowser -->
        <test-method status="PASS" signature="loginAsLDR()[pri:0, instance:com.mendix.test.LoginScript@5f3a4b84]" name="loginAsLDR" duration-ms="5288" started-at="2019-01-22T00:32:53Z" finished-at="2019-01-22T00:32:58Z">
          <reporter-output>
          </reporter-output>
        </test-method> <!-- loginAsLDR -->
      </class> <!-- com.mendix.test.LoginScript -->
    </test> <!-- HeiPort_Login_LDR_Syndication -->
    <test name="Material_Change_Syndication_Check" duration-ms="46197" started-at="2019-01-22T00:32:58Z" finished-at="2019-01-22T00:33:44Z">
      <class name="com.mendix.test.LoginScript">
        <test-method status="PASS" signature="setup(org.testng.ITestContext)[pri:0, instance:com.mendix.test.LoginScript@5f3a4b84]" name="setup" is-config="true" duration-ms="80" started-at="2019-01-22T00:28:04Z" finished-at="2019-01-22T00:28:04Z">
          <params>
            <param index="0">
              <value>
                <![CDATA[org.testng.TestRunner@43ecfeb5]]>
              </value>
            </param>
          </params>
          <reporter-output>
          </reporter-output>
        </test-method> <!-- setup -->
      </class> <!-- com.mendix.test.LoginScript -->
      <class name="com.mendix.test.MaterialScript">
        <test-method status="PASS" signature="Material_Create_Syndication_Check(java.util.Map)[pri:0, instance:com.mendix.test.MaterialScript@12f41634]" name="Material_Create_Syndication_Check" duration-ms="46180" started-at="2019-01-22T00:32:58Z" data-provider="Process_Information_Check" finished-at="2019-01-22T00:33:44Z">
          <params>
            <param index="0">
              <value>
                <![CDATA[{Iteration=1, Execute=Y, TestCase=CreateMaterial, RequestId=1393517, GlobalId=401708, MaterialNumber_AH1=, MaterialNumber_PE2=, Status=}]]>
              </value>
            </param>
          </params>
          <reporter-output>
          </reporter-output>
        </test-method> <!-- Material_Create_Syndication_Check -->
      </class> <!-- com.mendix.test.MaterialScript -->
    </test> <!-- Material_Change_Syndication_Check -->
  </suite> <!-- Change Material -->
</testng-results>
